<?xml version="1.0" encoding="UTF-8"?>
<robot generator="Robot 3.1.2 (Python 3.8.0 on win32)" generated="20191217 18:59:29.439" rpa="false">
<suite id="s1" name="Login" source="C:\Users\shariprakash\PycharmProjects\Intaact\TestCase\login.robot">
<test id="s1-t1" name="Tc01_login">
<kw name="Open Browser and URL Launch" library="Setup">
<kw name="Open Browser" library="SeleniumLibrary">
<doc>Opens a new browser instance to the optional ``url``.</doc>
<arguments>
<arg>${URL}</arg>
<arg>${Browser}</arg>
</arguments>
<msg timestamp="20191217 18:59:29.607" level="INFO">Opening browser 'chrome' to base url 'https://www.intacct.com/ia/acct/login.phtml?_ga=2.83361237.2116873815.1576557230-1752594069.1571974709'.</msg>
<status status="PASS" starttime="20191217 18:59:29.607" endtime="20191217 18:59:36.053"></status>
</kw>
<kw name="Maximize Browser Window" library="SeleniumLibrary">
<doc>Maximizes current browser window.</doc>
<status status="PASS" starttime="20191217 18:59:36.054" endtime="20191217 18:59:37.215"></status>
</kw>
<status status="PASS" starttime="20191217 18:59:29.607" endtime="20191217 18:59:37.216"></status>
</kw>
<kw name="Login Credentials" library="Login Credentials">
<arguments>
<arg>prokarma</arg>
<arg>shariprakash</arg>
<arg>Mch@2789</arg>
</arguments>
<kw name="Wait Until Page Contains Element" library="SeleniumLibrary">
<doc>Waits until the element ``locator`` appears on the current page.</doc>
<arguments>
<arg>${CompanyID}</arg>
<arg>timeout=10s</arg>
</arguments>
<status status="PASS" starttime="20191217 18:59:37.218" endtime="20191217 18:59:37.265"></status>
</kw>
<kw name="Wait Until Element Is Enabled" library="SeleniumLibrary">
<doc>Waits until the element ``locator`` is enabled.</doc>
<arguments>
<arg>${CompanyID}</arg>
<arg>timeout=10s</arg>
</arguments>
<status status="PASS" starttime="20191217 18:59:37.265" endtime="20191217 18:59:37.315"></status>
</kw>
<kw name="Input Text" library="SeleniumLibrary">
<doc>Types the given ``text`` into the text field identified by ``locator``.</doc>
<arguments>
<arg>${CompanyID}</arg>
<arg>${companycode}</arg>
</arguments>
<msg timestamp="20191217 18:59:37.315" level="INFO">Typing text 'prokarma' into text field 'css:#company'.</msg>
<status status="PASS" starttime="20191217 18:59:37.315" endtime="20191217 18:59:37.400"></status>
</kw>
<kw name="Wait Until Page Contains Element" library="SeleniumLibrary">
<doc>Waits until the element ``locator`` appears on the current page.</doc>
<arguments>
<arg>${Username}</arg>
<arg>timeout=10s</arg>
</arguments>
<status status="PASS" starttime="20191217 18:59:37.400" endtime="20191217 18:59:37.414"></status>
</kw>
<kw name="Wait Until Element Is Enabled" library="SeleniumLibrary">
<doc>Waits until the element ``locator`` is enabled.</doc>
<arguments>
<arg>${Username}</arg>
<arg>timeout=10s</arg>
</arguments>
<status status="PASS" starttime="20191217 18:59:37.414" endtime="20191217 18:59:37.444"></status>
</kw>
<kw name="Input Text" library="SeleniumLibrary">
<doc>Types the given ``text`` into the text field identified by ``locator``.</doc>
<arguments>
<arg>${Username}</arg>
<arg>${Username_input}</arg>
</arguments>
<msg timestamp="20191217 18:59:37.445" level="INFO">Typing text 'shariprakash' into text field 'css:#login'.</msg>
<status status="PASS" starttime="20191217 18:59:37.445" endtime="20191217 18:59:37.534"></status>
</kw>
<kw name="Wait Until Page Contains Element" library="SeleniumLibrary">
<doc>Waits until the element ``locator`` appears on the current page.</doc>
<arguments>
<arg>${password}</arg>
<arg>timeout=10s</arg>
</arguments>
<status status="PASS" starttime="20191217 18:59:37.534" endtime="20191217 18:59:37.547"></status>
</kw>
<kw name="Wait Until Element Is Enabled" library="SeleniumLibrary">
<doc>Waits until the element ``locator`` is enabled.</doc>
<arguments>
<arg>${password}</arg>
<arg>timeout=10s</arg>
</arguments>
<status status="PASS" starttime="20191217 18:59:37.547" endtime="20191217 18:59:37.576"></status>
</kw>
<kw name="Input Text" library="SeleniumLibrary">
<doc>Types the given ``text`` into the text field identified by ``locator``.</doc>
<arguments>
<arg>${password}</arg>
<arg>${Password_input}</arg>
</arguments>
<msg timestamp="20191217 18:59:37.577" level="INFO">Typing text 'Mch@2789' into text field 'css:#passwd'.</msg>
<status status="PASS" starttime="20191217 18:59:37.576" endtime="20191217 18:59:37.662"></status>
</kw>
<kw name="Wait Until Page Contains Element" library="SeleniumLibrary">
<doc>Waits until the element ``locator`` appears on the current page.</doc>
<arguments>
<arg>${signin}</arg>
<arg>timeout=10s</arg>
</arguments>
<status status="PASS" starttime="20191217 18:59:37.663" endtime="20191217 18:59:37.675"></status>
</kw>
<kw name="Wait Until Element Is Enabled" library="SeleniumLibrary">
<doc>Waits until the element ``locator`` is enabled.</doc>
<arguments>
<arg>${signin}</arg>
<arg>timeout=10s</arg>
</arguments>
<status status="PASS" starttime="20191217 18:59:37.676" endtime="20191217 18:59:37.705"></status>
</kw>
<kw name="Click Element" library="SeleniumLibrary">
<doc>Click the element identified by ``locator``.</doc>
<arguments>
<arg>${signin}</arg>
</arguments>
<msg timestamp="20191217 18:59:37.705" level="INFO">Clicking element 'css:#retbutton'.</msg>
<status status="PASS" starttime="20191217 18:59:37.705" endtime="20191217 18:59:41.182"></status>
</kw>
<status status="PASS" starttime="20191217 18:59:37.217" endtime="20191217 18:59:41.182"></status>
</kw>
<kw name="Close Browser Window" library="Teardown">
<kw name="Log" library="BuiltIn">
<doc>Logs the given message with the given level.</doc>
<arguments>
<arg>Browser is closing.</arg>
</arguments>
<msg timestamp="20191217 18:59:41.183" level="INFO">Browser is closing.</msg>
<status status="PASS" starttime="20191217 18:59:41.183" endtime="20191217 18:59:41.183"></status>
</kw>
<kw name="Close Browser" library="SeleniumLibrary">
<doc>Closes the current browser.</doc>
<status status="PASS" starttime="20191217 18:59:41.183" endtime="20191217 18:59:43.271"></status>
</kw>
<status status="PASS" starttime="20191217 18:59:41.182" endtime="20191217 18:59:43.271"></status>
</kw>
<status status="PASS" starttime="20191217 18:59:29.606" endtime="20191217 18:59:43.272" critical="yes"></status>
</test>
<doc>Suite description</doc>
<status status="PASS" starttime="20191217 18:59:29.441" endtime="20191217 18:59:43.276"></status>
</suite>
<statistics>
<total>
<stat pass="1" fail="0">Critical Tests</stat>
<stat pass="1" fail="0">All Tests</stat>
</total>
<tag>
</tag>
<suite>
<stat pass="1" fail="0" id="s1" name="Login">Login</stat>
</suite>
</statistics>
<errors>
</errors>
</robot>
