<?xml version="1.0" encoding="UTF-8"?>
<robot generator="Robot 3.1.2 (Python 3.8.0 on win32)" generated="20200106 19:48:21.385" rpa="false">
<suite id="s1" name="Login" source="C:\Users\dkathiresan\PycharmProjects\Intaact\Intaact\TestCase\login.robot">
<test id="s1-t1" name="Tc01_login">
<kw name="Open Browser and URL Launch" library="Setup">
<kw name="Open Browser" library="SeleniumLibrary">
<doc>Opens a new browser instance to the optional ``url``.</doc>
<arguments>
<arg>${URL}</arg>
<arg>${Browser}</arg>
</arguments>
<msg timestamp="20200106 19:48:21.538" level="INFO">Opening browser 'chrome' to base url 'https://www.intacct.com/ia/acct/login.phtml?_ga=2.83361237.2116873815.1576557230-1752594069.1571974709'.</msg>
<status status="PASS" starttime="20200106 19:48:21.538" endtime="20200106 19:48:28.020"></status>
</kw>
<kw name="Maximize Browser Window" library="SeleniumLibrary">
<doc>Maximizes current browser window.</doc>
<status status="PASS" starttime="20200106 19:48:28.020" endtime="20200106 19:48:29.131"></status>
</kw>
<status status="PASS" starttime="20200106 19:48:21.538" endtime="20200106 19:48:29.131"></status>
</kw>
<kw name="Login Credentials" library="Login Credentials">
<arguments>
<arg>prokarma</arg>
<arg>shariprakash</arg>
<arg>Mch@2789</arg>
</arguments>
<kw name="Wait Until Page Contains Element" library="SeleniumLibrary">
<doc>Waits until the element ``locator`` appears on the current page.</doc>
<arguments>
<arg>${CompanyID}</arg>
<arg>timeout=10s</arg>
</arguments>
<status status="PASS" starttime="20200106 19:48:29.132" endtime="20200106 19:48:29.140"></status>
</kw>
<kw name="Wait Until Element Is Enabled" library="SeleniumLibrary">
<doc>Waits until the element ``locator`` is enabled.</doc>
<arguments>
<arg>${CompanyID}</arg>
<arg>timeout=10s</arg>
</arguments>
<status status="PASS" starttime="20200106 19:48:29.140" endtime="20200106 19:48:29.159"></status>
</kw>
<kw name="Input Text" library="SeleniumLibrary">
<doc>Types the given ``text`` into the text field identified by ``locator``.</doc>
<arguments>
<arg>${CompanyID}</arg>
<arg>${companycode}</arg>
</arguments>
<msg timestamp="20200106 19:48:29.159" level="INFO">Typing text 'prokarma' into text field 'css:#company'.</msg>
<status status="PASS" starttime="20200106 19:48:29.159" endtime="20200106 19:48:29.206"></status>
</kw>
<kw name="Wait Until Page Contains Element" library="SeleniumLibrary">
<doc>Waits until the element ``locator`` appears on the current page.</doc>
<arguments>
<arg>${Username}</arg>
<arg>timeout=10s</arg>
</arguments>
<status status="PASS" starttime="20200106 19:48:29.206" endtime="20200106 19:48:29.213"></status>
</kw>
<kw name="Wait Until Element Is Enabled" library="SeleniumLibrary">
<doc>Waits until the element ``locator`` is enabled.</doc>
<arguments>
<arg>${Username}</arg>
<arg>timeout=10s</arg>
</arguments>
<status status="PASS" starttime="20200106 19:48:29.213" endtime="20200106 19:48:29.228"></status>
</kw>
<kw name="Input Text" library="SeleniumLibrary">
<doc>Types the given ``text`` into the text field identified by ``locator``.</doc>
<arguments>
<arg>${Username}</arg>
<arg>${Username_input}</arg>
</arguments>
<msg timestamp="20200106 19:48:29.228" level="INFO">Typing text 'shariprakash' into text field 'css:#login'.</msg>
<status status="PASS" starttime="20200106 19:48:29.228" endtime="20200106 19:48:29.277"></status>
</kw>
<kw name="Wait Until Page Contains Element" library="SeleniumLibrary">
<doc>Waits until the element ``locator`` appears on the current page.</doc>
<arguments>
<arg>${password}</arg>
<arg>timeout=10s</arg>
</arguments>
<status status="PASS" starttime="20200106 19:48:29.277" endtime="20200106 19:48:29.285"></status>
</kw>
<kw name="Wait Until Element Is Enabled" library="SeleniumLibrary">
<doc>Waits until the element ``locator`` is enabled.</doc>
<arguments>
<arg>${password}</arg>
<arg>timeout=10s</arg>
</arguments>
<status status="PASS" starttime="20200106 19:48:29.285" endtime="20200106 19:48:29.298"></status>
</kw>
<kw name="Input Text" library="SeleniumLibrary">
<doc>Types the given ``text`` into the text field identified by ``locator``.</doc>
<arguments>
<arg>${password}</arg>
<arg>${Password_input}</arg>
</arguments>
<msg timestamp="20200106 19:48:29.299" level="INFO">Typing text 'Mch@2789' into text field 'css:#passwd'.</msg>
<status status="PASS" starttime="20200106 19:48:29.299" endtime="20200106 19:48:29.344"></status>
</kw>
<kw name="Wait Until Page Contains Element" library="SeleniumLibrary">
<doc>Waits until the element ``locator`` appears on the current page.</doc>
<arguments>
<arg>${signin}</arg>
<arg>timeout=10s</arg>
</arguments>
<status status="PASS" starttime="20200106 19:48:29.344" endtime="20200106 19:48:29.352"></status>
</kw>
<kw name="Wait Until Element Is Enabled" library="SeleniumLibrary">
<doc>Waits until the element ``locator`` is enabled.</doc>
<arguments>
<arg>${signin}</arg>
<arg>timeout=10s</arg>
</arguments>
<status status="PASS" starttime="20200106 19:48:29.352" endtime="20200106 19:48:29.366"></status>
</kw>
<kw name="Click Element" library="SeleniumLibrary">
<doc>Click the element identified by ``locator``.</doc>
<arguments>
<arg>${signin}</arg>
</arguments>
<msg timestamp="20200106 19:48:29.366" level="INFO">Clicking element 'css:#retbutton'.</msg>
<status status="PASS" starttime="20200106 19:48:29.366" endtime="20200106 19:48:32.885"></status>
</kw>
<status status="PASS" starttime="20200106 19:48:29.131" endtime="20200106 19:48:32.885"></status>
</kw>
<kw name="Selecting Timesheet" library="Global_Selectingtimesheet">
<kw name="Wait Until Element Is Visible" library="SeleniumLibrary">
<doc>Waits until the element ``locator`` is visible.</doc>
<arguments>
<arg>${Time&amp;Expaneses}</arg>
<arg>timeout=20s</arg>
</arguments>
<status status="PASS" starttime="20200106 19:48:32.886" endtime="20200106 19:48:34.248"></status>
</kw>
<kw name="Wait Until Element Is Enabled" library="SeleniumLibrary">
<doc>Waits until the element ``locator`` is enabled.</doc>
<arguments>
<arg>${Time&amp;Expaneses}</arg>
<arg>timeout=20s</arg>
</arguments>
<status status="PASS" starttime="20200106 19:48:34.248" endtime="20200106 19:48:34.263"></status>
</kw>
<kw name="Click Element" library="SeleniumLibrary">
<doc>Click the element identified by ``locator``.</doc>
<arguments>
<arg>${Time&amp;Expaneses}</arg>
</arguments>
<msg timestamp="20200106 19:48:34.263" level="INFO">Clicking element '//*[@id='main-menu']/span[text()='Time &amp; Expenses']'.</msg>
<status status="PASS" starttime="20200106 19:48:34.263" endtime="20200106 19:48:34.304"></status>
</kw>
<kw name="Wait Until Element Is Visible" library="SeleniumLibrary">
<doc>Waits until the element ``locator`` is visible.</doc>
<arguments>
<arg>${mytimesheet}</arg>
<arg>timeout=20s</arg>
</arguments>
<status status="PASS" starttime="20200106 19:48:34.304" endtime="20200106 19:48:34.325"></status>
</kw>
<kw name="Wait Until Element Is Enabled" library="SeleniumLibrary">
<doc>Waits until the element ``locator`` is enabled.</doc>
<arguments>
<arg>${mytimesheet}</arg>
<arg>timeout=20s</arg>
</arguments>
<status status="PASS" starttime="20200106 19:48:34.325" endtime="20200106 19:48:34.341"></status>
</kw>
<kw name="Click Element" library="SeleniumLibrary">
<doc>Click the element identified by ``locator``.</doc>
<arguments>
<arg>${mytimesheet}</arg>
</arguments>
<msg timestamp="20200106 19:48:34.342" level="INFO">Clicking element '//a[text()='My timesheets']'.</msg>
<status status="PASS" starttime="20200106 19:48:34.341" endtime="20200106 19:48:35.239"></status>
</kw>
<kw name="Select Frame" library="SeleniumLibrary">
<doc>Sets frame identified by ``locator`` as the current frame.</doc>
<arguments>
<arg>${Frame}</arg>
</arguments>
<msg timestamp="20200106 19:48:35.239" level="INFO">Selecting frame 'css:#iamain'.</msg>
<status status="PASS" starttime="20200106 19:48:35.239" endtime="20200106 19:48:35.259"></status>
</kw>
<kw name="Wait Until Element Is Visible" library="SeleniumLibrary">
<doc>Waits until the element ``locator`` is visible.</doc>
<arguments>
<arg>${addtimesheet}</arg>
<arg>timeout=20s</arg>
</arguments>
<status status="PASS" starttime="20200106 19:48:35.259" endtime="20200106 19:48:35.274"></status>
</kw>
<kw name="Wait Until Element Is Enabled" library="SeleniumLibrary">
<doc>Waits until the element ``locator`` is enabled.</doc>
<arguments>
<arg>${addtimesheet}</arg>
<arg>timeout=20s</arg>
</arguments>
<status status="PASS" starttime="20200106 19:48:35.274" endtime="20200106 19:48:35.288"></status>
</kw>
<kw name="Click Element" library="SeleniumLibrary">
<doc>Click the element identified by ``locator``.</doc>
<arguments>
<arg>${addtimesheet}</arg>
</arguments>
<msg timestamp="20200106 19:48:35.288" level="INFO">Clicking element 'css:#qx-top_add'.</msg>
<status status="PASS" starttime="20200106 19:48:35.288" endtime="20200106 19:48:35.372"></status>
</kw>
<status status="PASS" starttime="20200106 19:48:32.886" endtime="20200106 19:48:35.372"></status>
</kw>
<kw name="Selecting Project and Task from List1" library="SelectProject">
<kw name="Wait Until Element Is Visible" library="SeleniumLibrary">
<doc>Waits until the element ``locator`` is visible.</doc>
<arguments>
<arg>${project_textbox0}</arg>
<arg>timeout=20s</arg>
</arguments>
<status status="PASS" starttime="20200106 19:48:35.373" endtime="20200106 19:48:36.172"></status>
</kw>
<kw name="Wait Until Element Is Enabled" library="SeleniumLibrary">
<doc>Waits until the element ``locator`` is enabled.</doc>
<arguments>
<arg>${project_textbox0}</arg>
<arg>timeout=20s</arg>
</arguments>
<status status="PASS" starttime="20200106 19:48:36.172" endtime="20200106 19:48:36.204"></status>
</kw>
<kw name="Click Element" library="SeleniumLibrary">
<doc>Click the element identified by ``locator``.</doc>
<arguments>
<arg>${project_textbox0}</arg>
</arguments>
<msg timestamp="20200106 19:48:36.204" level="INFO">Clicking element '//*[@id="_obj__TIMESHEETITEMS_0_-_obj__PROJECTID"]'.</msg>
<status status="PASS" starttime="20200106 19:48:36.204" endtime="20200106 19:48:36.290"></status>
</kw>
<kw name="Click Element" library="SeleniumLibrary">
<doc>Click the element identified by ``locator``.</doc>
<arguments>
<arg>${project_dropdown0}</arg>
</arguments>
<msg timestamp="20200106 19:48:36.290" level="INFO">Clicking element '//*[@id='span__obj__TIMESHEETITEMS_0_-_obj__PROJECTID']/i'.</msg>
<status status="PASS" starttime="20200106 19:48:36.290" endtime="20200106 19:48:36.357"></status>
</kw>
<kw name="Wait Until Element Is Visible" library="SeleniumLibrary">
<doc>Waits until the element ``locator`` is visible.</doc>
<arguments>
<arg>${project_dropdown_list_of_project0}</arg>
<arg>timeout=10s</arg>
</arguments>
<status status="PASS" starttime="20200106 19:48:36.357" endtime="20200106 19:48:37.060"></status>
</kw>
<kw name="Click Element" library="SeleniumLibrary">
<doc>Click the element identified by ``locator``.</doc>
<arguments>
<arg>${project_dropdown_list_of_project0}</arg>
</arguments>
<msg timestamp="20200106 19:48:37.062" level="INFO">Clicking element '//*[@id="_c_obj__TIMESHEETITEMS_0_-_obj__PROJECTIDsel"]/option[contains(text(),'PUSA1562--PS Technology: All Projects (Billable)')]'.</msg>
<status status="PASS" starttime="20200106 19:48:37.061" endtime="20200106 19:48:37.173"></status>
</kw>
<kw name="Capture Page Screenshot" library="SeleniumLibrary">
<doc>Takes a screenshot of the current page and embeds it into a log file.</doc>
<arguments>
<arg>${OUTPUTDIR}/Reg1.png</arg>
</arguments>
<msg timestamp="20200106 19:48:37.531" level="INFO" html="yes">&lt;/td&gt;&lt;/tr&gt;&lt;tr&gt;&lt;td colspan="3"&gt;&lt;a href="Reg1.png"&gt;&lt;img src="Reg1.png" width="800px"&gt;&lt;/a&gt;</msg>
<status status="PASS" starttime="20200106 19:48:37.174" endtime="20200106 19:48:37.532"></status>
</kw>
<kw name="Wait Until Element Is Visible" library="SeleniumLibrary">
<doc>Waits until the element ``locator`` is visible.</doc>
<arguments>
<arg>${task_textbox0}</arg>
<arg>timeout=20s</arg>
</arguments>
<status status="PASS" starttime="20200106 19:48:37.532" endtime="20200106 19:48:37.547"></status>
</kw>
<kw name="Wait Until Element Is Enabled" library="SeleniumLibrary">
<doc>Waits until the element ``locator`` is enabled.</doc>
<arguments>
<arg>${task_textbox0}</arg>
<arg>timeout=20s</arg>
</arguments>
<status status="PASS" starttime="20200106 19:48:37.547" endtime="20200106 19:48:37.560"></status>
</kw>
<kw name="Click Element" library="SeleniumLibrary">
<doc>Click the element identified by ``locator``.</doc>
<arguments>
<arg>${task_textbox0}</arg>
</arguments>
<msg timestamp="20200106 19:48:37.560" level="INFO">Clicking element '//*[@id="_obj__TIMESHEETITEMS_0_-_obj__TASKID"]'.</msg>
<status status="PASS" starttime="20200106 19:48:37.560" endtime="20200106 19:48:37.635"></status>
</kw>
<kw name="Click Element" library="SeleniumLibrary">
<doc>Click the element identified by ``locator``.</doc>
<arguments>
<arg>${task_dropdown0}</arg>
</arguments>
<msg timestamp="20200106 19:48:37.635" level="INFO">Clicking element '//*[@id="span__obj__TIMESHEETITEMS_0_-_obj__TASKID"]/i'.</msg>
<status status="PASS" starttime="20200106 19:48:37.635" endtime="20200106 19:48:37.705"></status>
</kw>
<kw name="Click Element" library="SeleniumLibrary">
<doc>Click the element identified by ``locator``.</doc>
<arguments>
<arg>${selecting_task_dropdown0}</arg>
</arguments>
<msg timestamp="20200106 19:48:37.705" level="INFO">Clicking element '//*[@id="_c_obj__TIMESHEETITEMS_0_-_obj__TASKIDsel"]/option'.</msg>
<status status="PASS" starttime="20200106 19:48:37.705" endtime="20200106 19:48:37.732"></status>
</kw>
<kw name="Capture Page Screenshot" library="SeleniumLibrary">
<doc>Takes a screenshot of the current page and embeds it into a log file.</doc>
<arguments>
<arg>${OUTPUTDIR}/Reg2.png</arg>
</arguments>
<msg timestamp="20200106 19:48:38.110" level="INFO" html="yes">&lt;/td&gt;&lt;/tr&gt;&lt;tr&gt;&lt;td colspan="3"&gt;&lt;a href="Reg2.png"&gt;&lt;img src="Reg2.png" width="800px"&gt;&lt;/a&gt;</msg>
<status status="PASS" starttime="20200106 19:48:37.732" endtime="20200106 19:48:38.110"></status>
</kw>
<status status="PASS" starttime="20200106 19:48:35.373" endtime="20200106 19:48:38.110"></status>
</kw>
<kw name="Adding service hours entry" library="SelectProject">
<kw name="Wait Until Page Contains Element" library="SeleniumLibrary">
<doc>Waits until the element ``locator`` appears on the current page.</doc>
<arguments>
<arg>${add_entry_mon}</arg>
<arg>timeout=10s</arg>
</arguments>
<status status="PASS" starttime="20200106 19:48:38.111" endtime="20200106 19:48:38.119"></status>
</kw>
<kw name="Wait Until Element Is Enabled" library="SeleniumLibrary">
<doc>Waits until the element ``locator`` is enabled.</doc>
<arguments>
<arg>${add_entry_mon}</arg>
<arg>timeout=10s</arg>
</arguments>
<status status="PASS" starttime="20200106 19:48:38.119" endtime="20200106 19:48:38.132"></status>
</kw>
<kw name="Click Element" library="SeleniumLibrary">
<doc>Click the element identified by ``locator``.</doc>
<arguments>
<arg>${add_entry_mon}</arg>
</arguments>
<msg timestamp="20200106 19:48:38.133" level="INFO">Clicking element '//*[@name='_obj__TIMESHEETITEMS_0_-_obj__DAY_1']'.</msg>
<status status="PASS" starttime="20200106 19:48:38.132" endtime="20200106 19:48:38.205"></status>
</kw>
<kw name="Input Text" library="SeleniumLibrary">
<doc>Types the given ``text`` into the text field identified by ``locator``.</doc>
<arguments>
<arg>${add_entry_mon}</arg>
<arg>8</arg>
</arguments>
<msg timestamp="20200106 19:48:38.205" level="INFO">Typing text '8' into text field '//*[@name='_obj__TIMESHEETITEMS_0_-_obj__DAY_1']'.</msg>
<status status="PASS" starttime="20200106 19:48:38.205" endtime="20200106 19:48:38.249"></status>
</kw>
<kw name="Click Element" library="SeleniumLibrary">
<doc>Click the element identified by ``locator``.</doc>
<arguments>
<arg>${add_entry_tue}</arg>
</arguments>
<msg timestamp="20200106 19:48:38.250" level="INFO">Clicking element '//*[@name='_obj__TIMESHEETITEMS_0_-_obj__DAY_2']'.</msg>
<status status="PASS" starttime="20200106 19:48:38.249" endtime="20200106 19:48:38.314"></status>
</kw>
<kw name="Input Text" library="SeleniumLibrary">
<doc>Types the given ``text`` into the text field identified by ``locator``.</doc>
<arguments>
<arg>${add_entry_tue}</arg>
<arg>8</arg>
</arguments>
<msg timestamp="20200106 19:48:38.314" level="INFO">Typing text '8' into text field '//*[@name='_obj__TIMESHEETITEMS_0_-_obj__DAY_2']'.</msg>
<status status="PASS" starttime="20200106 19:48:38.314" endtime="20200106 19:48:38.342"></status>
</kw>
<kw name="Click Element" library="SeleniumLibrary">
<doc>Click the element identified by ``locator``.</doc>
<arguments>
<arg>${add_entry_wed}</arg>
</arguments>
<msg timestamp="20200106 19:48:38.343" level="INFO">Clicking element '//*[@name='_obj__TIMESHEETITEMS_0_-_obj__DAY_3']'.</msg>
<status status="PASS" starttime="20200106 19:48:38.343" endtime="20200106 19:48:38.399"></status>
</kw>
<kw name="Input Text" library="SeleniumLibrary">
<doc>Types the given ``text`` into the text field identified by ``locator``.</doc>
<arguments>
<arg>${add_entry_wed}</arg>
<arg>8</arg>
</arguments>
<msg timestamp="20200106 19:48:38.399" level="INFO">Typing text '8' into text field '//*[@name='_obj__TIMESHEETITEMS_0_-_obj__DAY_3']'.</msg>
<status status="PASS" starttime="20200106 19:48:38.399" endtime="20200106 19:48:38.428"></status>
</kw>
<kw name="Click Element" library="SeleniumLibrary">
<doc>Click the element identified by ``locator``.</doc>
<arguments>
<arg>${add_entry_thur}</arg>
</arguments>
<msg timestamp="20200106 19:48:38.428" level="INFO">Clicking element '//*[@name='_obj__TIMESHEETITEMS_0_-_obj__DAY_4']'.</msg>
<status status="PASS" starttime="20200106 19:48:38.428" endtime="20200106 19:48:38.480"></status>
</kw>
<kw name="Input Text" library="SeleniumLibrary">
<doc>Types the given ``text`` into the text field identified by ``locator``.</doc>
<arguments>
<arg>${add_entry_thur}</arg>
<arg>8</arg>
</arguments>
<msg timestamp="20200106 19:48:38.480" level="INFO">Typing text '8' into text field '//*[@name='_obj__TIMESHEETITEMS_0_-_obj__DAY_4']'.</msg>
<status status="PASS" starttime="20200106 19:48:38.480" endtime="20200106 19:48:38.508"></status>
</kw>
<kw name="Click Element" library="SeleniumLibrary">
<doc>Click the element identified by ``locator``.</doc>
<arguments>
<arg>${add_entry_fri}</arg>
</arguments>
<msg timestamp="20200106 19:48:38.508" level="INFO">Clicking element '//*[@name='_obj__TIMESHEETITEMS_0_-_obj__DAY_5']'.</msg>
<status status="PASS" starttime="20200106 19:48:38.508" endtime="20200106 19:48:38.562"></status>
</kw>
<kw name="Input Text" library="SeleniumLibrary">
<doc>Types the given ``text`` into the text field identified by ``locator``.</doc>
<arguments>
<arg>${add_entry_fri}</arg>
<arg>8</arg>
</arguments>
<msg timestamp="20200106 19:48:38.562" level="INFO">Typing text '8' into text field '//*[@name='_obj__TIMESHEETITEMS_0_-_obj__DAY_5']'.</msg>
<status status="PASS" starttime="20200106 19:48:38.562" endtime="20200106 19:48:38.591"></status>
</kw>
<status status="PASS" starttime="20200106 19:48:38.111" endtime="20200106 19:48:38.591"></status>
</kw>
<kw name="Selecting Project and Task from List2" library="SelectProject">
<kw name="Wait Until Element Is Visible" library="SeleniumLibrary">
<doc>Waits until the element ``locator`` is visible.</doc>
<arguments>
<arg>${project_textbox1}</arg>
<arg>timeout=20s</arg>
</arguments>
<status status="PASS" starttime="20200106 19:48:38.591" endtime="20200106 19:48:38.607"></status>
</kw>
<kw name="Wait Until Element Is Enabled" library="SeleniumLibrary">
<doc>Waits until the element ``locator`` is enabled.</doc>
<arguments>
<arg>${project_textbox1}</arg>
<arg>timeout=20s</arg>
</arguments>
<status status="PASS" starttime="20200106 19:48:38.607" endtime="20200106 19:48:38.621"></status>
</kw>
<kw name="Click Element" library="SeleniumLibrary">
<doc>Click the element identified by ``locator``.</doc>
<arguments>
<arg>${project_textbox1}</arg>
</arguments>
<msg timestamp="20200106 19:48:38.621" level="INFO">Clicking element '//*[@id="_obj__TIMESHEETITEMS_1_-_obj__PROJECTID"]'.</msg>
<status status="PASS" starttime="20200106 19:48:38.621" endtime="20200106 19:48:38.672"></status>
</kw>
<kw name="Click Element" library="SeleniumLibrary">
<doc>Click the element identified by ``locator``.</doc>
<arguments>
<arg>${project_dropdown1}</arg>
</arguments>
<msg timestamp="20200106 19:48:38.672" level="INFO">Clicking element '//*[@id="span__obj__TIMESHEETITEMS_1_-_obj__PROJECTID"]/i'.</msg>
<status status="PASS" starttime="20200106 19:48:38.672" endtime="20200106 19:48:38.738"></status>
</kw>
<kw name="Wait Until Element Is Visible" library="SeleniumLibrary">
<doc>Waits until the element ``locator`` is visible.</doc>
<arguments>
<arg>${project_dropdown_list_of_project1}</arg>
<arg>timeout=20s</arg>
</arguments>
<status status="PASS" starttime="20200106 19:48:38.738" endtime="20200106 19:48:38.773"></status>
</kw>
<kw name="Click Element" library="SeleniumLibrary">
<doc>Click the element identified by ``locator``.</doc>
<arguments>
<arg>${project_dropdown_list_of_project1}</arg>
</arguments>
<msg timestamp="20200106 19:48:38.774" level="INFO">Clicking element '//*[@id="_c_obj__TIMESHEETITEMS_1_-_obj__PROJECTIDsel"]/option[contains(text(),'PUSA2811--PS Technology: India Extended Hours - NON-BILLABLE')]'.</msg>
<status status="PASS" starttime="20200106 19:48:38.773" endtime="20200106 19:48:38.813"></status>
</kw>
<kw name="Capture Page Screenshot" library="SeleniumLibrary">
<doc>Takes a screenshot of the current page and embeds it into a log file.</doc>
<arguments>
<arg>${OUTPUTDIR}/Reg3.png</arg>
</arguments>
<msg timestamp="20200106 19:48:39.209" level="INFO" html="yes">&lt;/td&gt;&lt;/tr&gt;&lt;tr&gt;&lt;td colspan="3"&gt;&lt;a href="Reg3.png"&gt;&lt;img src="Reg3.png" width="800px"&gt;&lt;/a&gt;</msg>
<status status="PASS" starttime="20200106 19:48:38.813" endtime="20200106 19:48:39.210"></status>
</kw>
<kw name="Wait Until Element Is Visible" library="SeleniumLibrary">
<doc>Waits until the element ``locator`` is visible.</doc>
<arguments>
<arg>${Task_textbox0}</arg>
<arg>timeout=20s</arg>
</arguments>
<status status="PASS" starttime="20200106 19:48:39.210" endtime="20200106 19:48:39.222"></status>
</kw>
<kw name="Wait Until Element Is Enabled" library="SeleniumLibrary">
<doc>Waits until the element ``locator`` is enabled.</doc>
<arguments>
<arg>${Task_textbox0}</arg>
<arg>timeout=20s</arg>
</arguments>
<status status="PASS" starttime="20200106 19:48:39.223" endtime="20200106 19:48:39.233"></status>
</kw>
<kw name="Click Element" library="SeleniumLibrary">
<doc>Click the element identified by ``locator``.</doc>
<arguments>
<arg>${Task_textbox0}</arg>
</arguments>
<msg timestamp="20200106 19:48:39.234" level="INFO">Clicking element '//*[@id="_obj__TIMESHEETITEMS_0_-_obj__TASKID"]'.</msg>
<status status="PASS" starttime="20200106 19:48:39.233" endtime="20200106 19:48:39.314"></status>
</kw>
<kw name="Click Element" library="SeleniumLibrary">
<doc>Click the element identified by ``locator``.</doc>
<arguments>
<arg>${task_dropdown1}</arg>
</arguments>
<msg timestamp="20200106 19:48:39.314" level="INFO">Clicking element '//*[@id="span__obj__TIMESHEETITEMS_1_-_obj__TASKID"]/i'.</msg>
<status status="PASS" starttime="20200106 19:48:39.314" endtime="20200106 19:48:39.373"></status>
</kw>
<kw name="Click Element" library="SeleniumLibrary">
<doc>Click the element identified by ``locator``.</doc>
<arguments>
<arg>${selecting_task_dropdown1}</arg>
</arguments>
<msg timestamp="20200106 19:48:39.374" level="INFO">Clicking element '//*[@id="_c_obj__TIMESHEETITEMS_1_-_obj__TASKIDsel"]/option'.</msg>
<status status="PASS" starttime="20200106 19:48:39.373" endtime="20200106 19:48:39.400"></status>
</kw>
<kw name="Capture Page Screenshot" library="SeleniumLibrary">
<doc>Takes a screenshot of the current page and embeds it into a log file.</doc>
<arguments>
<arg>${OUTPUTDIR}/Reg4.png</arg>
</arguments>
<msg timestamp="20200106 19:48:39.769" level="INFO" html="yes">&lt;/td&gt;&lt;/tr&gt;&lt;tr&gt;&lt;td colspan="3"&gt;&lt;a href="Reg4.png"&gt;&lt;img src="Reg4.png" width="800px"&gt;&lt;/a&gt;</msg>
<status status="PASS" starttime="20200106 19:48:39.401" endtime="20200106 19:48:39.769"></status>
</kw>
<status status="PASS" starttime="20200106 19:48:38.591" endtime="20200106 19:48:39.770"></status>
</kw>
<kw name="Adding non-billable hours entry" library="SelectProject">
<kw name="Wait Until Page Contains Element" library="SeleniumLibrary">
<doc>Waits until the element ``locator`` appears on the current page.</doc>
<arguments>
<arg>${add_nonbillable_entry_mon}</arg>
<arg>timeout=10s</arg>
</arguments>
<status status="PASS" starttime="20200106 19:48:39.770" endtime="20200106 19:48:39.778"></status>
</kw>
<kw name="Wait Until Element Is Enabled" library="SeleniumLibrary">
<doc>Waits until the element ``locator`` is enabled.</doc>
<arguments>
<arg>${add_nonbillable_entry_mon}</arg>
<arg>timeout=10s</arg>
</arguments>
<status status="PASS" starttime="20200106 19:48:39.778" endtime="20200106 19:48:39.792"></status>
</kw>
<kw name="Click Element" library="SeleniumLibrary">
<doc>Click the element identified by ``locator``.</doc>
<arguments>
<arg>${add_nonbillable_entry_mon}</arg>
</arguments>
<msg timestamp="20200106 19:48:39.792" level="INFO">Clicking element '//*[@name='_obj__TIMESHEETITEMS_1_-_obj__DAY_1']'.</msg>
<status status="PASS" starttime="20200106 19:48:39.792" endtime="20200106 19:48:39.841"></status>
</kw>
<kw name="Input Text" library="SeleniumLibrary">
<doc>Types the given ``text`` into the text field identified by ``locator``.</doc>
<arguments>
<arg>${add_nonbillable_entry_mon}</arg>
<arg>1</arg>
</arguments>
<msg timestamp="20200106 19:48:39.841" level="INFO">Typing text '1' into text field '//*[@name='_obj__TIMESHEETITEMS_1_-_obj__DAY_1']'.</msg>
<status status="PASS" starttime="20200106 19:48:39.841" endtime="20200106 19:48:39.870"></status>
</kw>
<kw name="Click Element" library="SeleniumLibrary">
<doc>Click the element identified by ``locator``.</doc>
<arguments>
<arg>${add_nonbillable_entry_tue}</arg>
</arguments>
<msg timestamp="20200106 19:48:39.870" level="INFO">Clicking element '//*[@name='_obj__TIMESHEETITEMS_1_-_obj__DAY_2']'.</msg>
<status status="PASS" starttime="20200106 19:48:39.870" endtime="20200106 19:48:39.924"></status>
</kw>
<kw name="Input Text" library="SeleniumLibrary">
<doc>Types the given ``text`` into the text field identified by ``locator``.</doc>
<arguments>
<arg>${add_nonbillable_entry_tue}</arg>
<arg>1</arg>
</arguments>
<msg timestamp="20200106 19:48:39.924" level="INFO">Typing text '1' into text field '//*[@name='_obj__TIMESHEETITEMS_1_-_obj__DAY_2']'.</msg>
<status status="PASS" starttime="20200106 19:48:39.924" endtime="20200106 19:48:39.952"></status>
</kw>
<kw name="Click Element" library="SeleniumLibrary">
<doc>Click the element identified by ``locator``.</doc>
<arguments>
<arg>${add_nonbillable_entry_wed}</arg>
</arguments>
<msg timestamp="20200106 19:48:39.953" level="INFO">Clicking element '//*[@name='_obj__TIMESHEETITEMS_1_-_obj__DAY_3']'.</msg>
<status status="PASS" starttime="20200106 19:48:39.953" endtime="20200106 19:48:40.005"></status>
</kw>
<kw name="Input Text" library="SeleniumLibrary">
<doc>Types the given ``text`` into the text field identified by ``locator``.</doc>
<arguments>
<arg>${add_nonbillable_entry_wed}</arg>
<arg>1</arg>
</arguments>
<msg timestamp="20200106 19:48:40.006" level="INFO">Typing text '1' into text field '//*[@name='_obj__TIMESHEETITEMS_1_-_obj__DAY_3']'.</msg>
<status status="PASS" starttime="20200106 19:48:40.005" endtime="20200106 19:48:40.035"></status>
</kw>
<kw name="Click Element" library="SeleniumLibrary">
<doc>Click the element identified by ``locator``.</doc>
<arguments>
<arg>${add_nonbillable_entry_thur}</arg>
</arguments>
<msg timestamp="20200106 19:48:40.036" level="INFO">Clicking element '//*[@name='_obj__TIMESHEETITEMS_1_-_obj__DAY_4']'.</msg>
<status status="PASS" starttime="20200106 19:48:40.035" endtime="20200106 19:48:40.089"></status>
</kw>
<kw name="Input Text" library="SeleniumLibrary">
<doc>Types the given ``text`` into the text field identified by ``locator``.</doc>
<arguments>
<arg>${add_nonbillable_entry_thur}</arg>
<arg>1</arg>
</arguments>
<msg timestamp="20200106 19:48:40.089" level="INFO">Typing text '1' into text field '//*[@name='_obj__TIMESHEETITEMS_1_-_obj__DAY_4']'.</msg>
<status status="PASS" starttime="20200106 19:48:40.089" endtime="20200106 19:48:40.118"></status>
</kw>
<kw name="Click Element" library="SeleniumLibrary">
<doc>Click the element identified by ``locator``.</doc>
<arguments>
<arg>${add_nonbillable_entry_fri}</arg>
</arguments>
<msg timestamp="20200106 19:48:40.118" level="INFO">Clicking element '//*[@name='_obj__TIMESHEETITEMS_1_-_obj__DAY_5']'.</msg>
<status status="PASS" starttime="20200106 19:48:40.118" endtime="20200106 19:48:40.170"></status>
</kw>
<kw name="Input Text" library="SeleniumLibrary">
<doc>Types the given ``text`` into the text field identified by ``locator``.</doc>
<arguments>
<arg>${add_nonbillable_entry_fri}</arg>
<arg>1</arg>
</arguments>
<msg timestamp="20200106 19:48:40.171" level="INFO">Typing text '1' into text field '//*[@name='_obj__TIMESHEETITEMS_1_-_obj__DAY_5']'.</msg>
<status status="PASS" starttime="20200106 19:48:40.171" endtime="20200106 19:48:40.199"></status>
</kw>
<status status="PASS" starttime="20200106 19:48:39.770" endtime="20200106 19:48:40.199"></status>
</kw>
<status status="PASS" starttime="20200106 19:48:21.537" endtime="20200106 19:48:40.199" critical="yes"></status>
</test>
<doc>Suite description</doc>
<status status="PASS" starttime="20200106 19:48:21.386" endtime="20200106 19:48:40.200"></status>
</suite>
<statistics>
<total>
<stat pass="1" fail="0">Critical Tests</stat>
<stat pass="1" fail="0">All Tests</stat>
</total>
<tag>
</tag>
<suite>
<stat pass="1" fail="0" id="s1" name="Login">Login</stat>
</suite>
</statistics>
<errors>
</errors>
</robot>
